<?xml version="1.0" encoding="UTF-8"?>
<!-- Generated by org.testng.reporters.JUnitXMLReporter -->
<testsuite ignored="1" hostname="DESKTOP-U33MU1L" failures="0" tests="2" name="Test3" time="0.055" errors="0" timestamp="2024-06-10T21:26:12 IST">
  <testcase classname="testNGTestCases.EnterValue" name="f" time="0.014"/>
  <testcase classname="testNGTestCases.EnterValue" name="f" time="0.001"/>
  <testcase classname="testNGTestCases.EnterValue" name="g" time="0.0">
    <ignored/>
  </testcase> <!-- g -->
</testsuite> <!-- Test3 -->
