<?xml version="1.0" encoding="UTF-8"?>
<testng-results ignored="1" total="3" passed="2" failed="0" skipped="0">
  <reporter-output>
  </reporter-output>
  <suite started-at="2024-06-10T21:26:12 IST" name="Suite" finished-at="2024-06-10T21:26:12 IST" duration-ms="55">
    <groups>
      <group name="smokeTest">
        <method signature="EnterValue.f(java.lang.String,java.lang.String)[pri:1, instance:testNGTestCases.EnterValue@441772e]" name="f" class="testNGTestCases.EnterValue"/>
      </group> <!-- smokeTest -->
    </groups>
    <test started-at="2024-06-10T21:26:12 IST" name="Test3" finished-at="2024-06-10T21:26:12 IST" duration-ms="55">
      <class name="testNGTestCases.EnterValue">
        <test-method signature="f(java.lang.String,java.lang.String)[pri:1, instance:testNGTestCases.EnterValue@441772e]" started-at="2024-06-10T21:26:12 IST" name="f" data-provider="testdata" finished-at="2024-06-10T21:26:12 IST" duration-ms="14" status="PASS">
          <params>
            <param index="0">
              <value>
                <![CDATA[standard_user]]>
              </value>
            </param>
            <param index="1">
              <value>
                <![CDATA[secret_sauce]]>
              </value>
            </param>
          </params>
          <reporter-output>
          </reporter-output>
        </test-method> <!-- f -->
        <test-method signature="f(java.lang.String,java.lang.String)[pri:1, instance:testNGTestCases.EnterValue@441772e]" started-at="2024-06-10T21:26:12 IST" name="f" data-provider="testdata" finished-at="2024-06-10T21:26:12 IST" duration-ms="1" status="PASS">
          <params>
            <param index="0">
              <value>
                <![CDATA[problem_user]]>
              </value>
            </param>
            <param index="1">
              <value>
                <![CDATA[secret_sauce]]>
              </value>
            </param>
          </params>
          <reporter-output>
          </reporter-output>
        </test-method> <!-- f -->
      </class> <!-- testNGTestCases.EnterValue -->
    </test> <!-- Test3 -->
  </suite> <!-- Suite -->
</testng-results>
